[    0.000000] Linux version 4.15.0-70-generic (buildd@lgw01-amd64-055) (gcc version 7.4.0 (Ubuntu 7.4.0-1ubuntu1~18.04.1)) #79-Ubuntu SMP Tue Nov 12 10:36:11 UTC 2019 (Ubuntu 4.15.0-70.79-generic 4.15.18)
[    0.000000] Command line: BOOT_IMAGE=/boot/vmlinuz-4.15.0-70-generic root=LABEL=cloudimg-rootfs ro console=tty1 console=ttyS0
[    0.000000] KERNEL supported cpus:
[    0.000000]   Intel GenuineIntel
[    0.000000]   AMD AuthenticAMD
[    0.000000]   Centaur CentaurHauls
[    0.000000] x86/fpu: Supporting XSAVE feature 0x001: 'x87 floating point registers'
[    0.000000] x86/fpu: Supporting XSAVE feature 0x002: 'SSE registers'
[    0.000000] x86/fpu: Supporting XSAVE feature 0x004: 'AVX registers'
[    0.000000] x86/fpu: xstate_offset[2]:  576, xstate_sizes[2]:  256
[    0.000000] x86/fpu: Enabled xstate features 0x7, context size is 832 bytes, using 'standard' format.
[    0.000000] e820: BIOS-provided physical RAM map:
[    0.000000] BIOS-e820: [mem 0x0000000000000000-0x000000000009fbff] usable
[    0.000000] BIOS-e820: [mem 0x000000000009fc00-0x000000000009ffff] reserved
[    0.000000] BIOS-e820: [mem 0x00000000000f0000-0x00000000000fffff] reserved
[    0.000000] BIOS-e820: [mem 0x0000000000100000-0x000000003ffeffff] usable
[    0.000000] BIOS-e820: [mem 0x000000003fff0000-0x000000003fffffff] ACPI data
[    0.000000] BIOS-e820: [mem 0x00000000fec00000-0x00000000fec00fff] reserved
[    0.000000] BIOS-e820: [mem 0x00000000fee00000-0x00000000fee00fff] reserved
[    0.000000] BIOS-e820: [mem 0x00000000fffc0000-0x00000000ffffffff] reserved
[    0.000000] NX (Execute Disable) protection: active
[    0.000000] SMBIOS 2.5 present.
[    0.000000] DMI: innotek GmbH VirtualBox/VirtualBox, BIOS VirtualBox 12/01/2006
[    0.000000] Hypervisor detected: KVM
[    0.000000] e820: last_pfn = 0x3fff0 max_arch_pfn = 0x400000000
[    0.000000] MTRR: Disabled
[    0.000000] x86/PAT: MTRRs disabled, skipping PAT initialization too.
[    0.000000] CPU MTRRs all blank - virtualized system.
[    0.000000] x86/PAT: Configuration [0-7]: WB  WT  UC- UC  WB  WT  UC- UC  
[    0.000000] found SMP MP-table at [mem 0x0009fff0-0x0009ffff]
[    0.000000] Scanning 1 areas for low memory corruption
[    0.000000] RAMDISK: [mem 0x35a87000-0x36d3afff]
[    0.000000] ACPI: Early table checksum verification disabled
[    0.000000] ACPI: RSDP 0x00000000000E0000 000024 (v02 VBOX  )
[    0.000000] ACPI: XSDT 0x000000003FFF0030 00003C (v01 VBOX   VBOXXSDT 00000001 ASL  00000061)
[    0.000000] ACPI: FACP 0x000000003FFF00F0 0000F4 (v04 VBOX   VBOXFACP 00000001 ASL  00000061)
[    0.000000] ACPI: DSDT 0x000000003FFF0470 0021FF (v02 VBOX   VBOXBIOS 00000002 INTL 20100528)
[    0.000000] ACPI: FACS 0x000000003FFF0200 000040
[    0.000000] ACPI: FACS 0x000000003FFF0200 000040
[    0.000000] ACPI: APIC 0x000000003FFF0240 00005C (v02 VBOX   VBOXAPIC 00000001 ASL  00000061)
[    0.000000] ACPI: SSDT 0x000000003FFF02A0 0001CC (v01 VBOX   VBOXCPUT 00000002 INTL 20100528)
[    0.000000] No NUMA configuration found
[    0.000000] Faking a node at [mem 0x0000000000000000-0x000000003ffeffff]
[    0.000000] NODE_DATA(0) allocated [mem 0x3ffc5000-0x3ffeffff]
[    0.000000] kvm-clock: cpu 0, msr 0:3ff44001, primary cpu clock
[    0.000000] kvm-clock: Using msrs 4b564d01 and 4b564d00
[    0.000000] kvm-clock: using sched offset of 5137664472 cycles
[    0.000000] clocksource: kvm-clock: mask: 0xffffffffffffffff max_cycles: 0x1cd42e4dffb, max_idle_ns: 881590591483 ns
[    0.000000] Zone ranges:
[    0.000000]   DMA      [mem 0x0000000000001000-0x0000000000ffffff]
[    0.000000]   DMA32    [mem 0x0000000001000000-0x000000003ffeffff]
[    0.000000]   Normal   empty
[    0.000000]   Device   empty
[    0.000000] Movable zone start for each node
[    0.000000] Early memory node ranges
[    0.000000]   node   0: [mem 0x0000000000001000-0x000000000009efff]
[    0.000000]   node   0: [mem 0x0000000000100000-0x000000003ffeffff]
[    0.000000] Reserved but unavailable: 98 pages
[    0.000000] Initmem setup node 0 [mem 0x0000000000001000-0x000000003ffeffff]
[    0.000000] ACPI: PM-Timer IO Port: 0x4008
[    0.000000] IOAPIC[0]: apic_id 2, version 32, address 0xfec00000, GSI 0-23
[    0.000000] ACPI: INT_SRC_OVR (bus 0 bus_irq 0 global_irq 2 dfl dfl)
[    0.000000] ACPI: INT_SRC_OVR (bus 0 bus_irq 9 global_irq 9 low level)
[    0.000000] Using ACPI (MADT) for SMP configuration information
[    0.000000] smpboot: Allowing 2 CPUs, 0 hotplug CPUs
[    0.000000] PM: Registered nosave memory: [mem 0x00000000-0x00000fff]
[    0.000000] PM: Registered nosave memory: [mem 0x0009f000-0x0009ffff]
[    0.000000] PM: Registered nosave memory: [mem 0x000a0000-0x000effff]
[    0.000000] PM: Registered nosave memory: [mem 0x000f0000-0x000fffff]
[    0.000000] e820: [mem 0x40000000-0xfebfffff] available for PCI devices
[    0.000000] Booting paravirtualized kernel on KVM
[    0.000000] clocksource: refined-jiffies: mask: 0xffffffff max_cycles: 0xffffffff, max_idle_ns: 7645519600211568 ns
[    0.000000] random: get_random_bytes called from start_kernel+0x99/0x4fd with crng_init=0
[    0.000000] setup_percpu: NR_CPUS:8192 nr_cpumask_bits:2 nr_cpu_ids:2 nr_node_ids:1
[    0.000000] percpu: Embedded 45 pages/cpu s147456 r8192 d28672 u1048576
[    0.000000] PV qspinlock hash table entries: 256 (order: 0, 4096 bytes)
[    0.000000] Built 1 zonelists, mobility grouping on.  Total pages: 257913
[    0.000000] Policy zone: DMA32
[    0.000000] Kernel command line: BOOT_IMAGE=/boot/vmlinuz-4.15.0-70-generic root=LABEL=cloudimg-rootfs ro console=tty1 console=ttyS0
[    0.000000] Memory: 983436K/1048120K available (12300K kernel code, 2481K rwdata, 4264K rodata, 2432K init, 2388K bss, 64684K reserved, 0K cma-reserved)
[    0.000000] SLUB: HWalign=64, Order=0-3, MinObjects=0, CPUs=2, Nodes=1
[    0.000000] Kernel/User page tables isolation: enabled
[    0.000000] ftrace: allocating 39315 entries in 154 pages
[    0.004000] Hierarchical RCU implementation.
[    0.004000] 	RCU restricting CPUs from NR_CPUS=8192 to nr_cpu_ids=2.
[    0.004000] 	Tasks RCU enabled.
[    0.004000] RCU: Adjusting geometry for rcu_fanout_leaf=16, nr_cpu_ids=2
[    0.004000] NR_IRQS: 524544, nr_irqs: 440, preallocated irqs: 16
[    0.004000] Console: colour VGA+ 80x25
[    0.004000] console [tty1] enabled
[    0.004000] console [ttyS0] enabled
[    0.004000] ACPI: Core revision 20170831
[    0.004000] ACPI: 2 ACPI AML tables successfully acquired and loaded
[    0.004000] APIC: Switch to symmetric I/O mode setup
[    0.004000] x2apic enabled
[    0.004000] Switched APIC routing to physical x2apic.
[    0.007934] ..TIMER: vector=0x30 apic1=0 pin1=2 apic2=-1 pin2=-1
[    0.008005] tsc: Detected 2591.582 MHz processor
[    0.012015] Calibrating delay loop (skipped) preset value.. 5183.16 BogoMIPS (lpj=10366328)
[    0.015096] pid_max: default: 32768 minimum: 301
[    0.016077] Security Framework initialized
[    0.017491] Yama: becoming mindful.
[    0.020046] AppArmor: AppArmor initialized
[    0.025995] Dentry cache hash table entries: 131072 (order: 8, 1048576 bytes)
[    0.028124] Inode-cache hash table entries: 65536 (order: 7, 524288 bytes)
[    0.032044] Mount-cache hash table entries: 2048 (order: 2, 16384 bytes)
[    0.034152] Mountpoint-cache hash table entries: 2048 (order: 2, 16384 bytes)
[    0.036580] Last level iTLB entries: 4KB 512, 2MB 8, 4MB 8
[    0.040011] Last level dTLB entries: 4KB 512, 2MB 32, 4MB 32, 1GB 0
[    0.044005] Spectre V1 : Mitigation: usercopy/swapgs barriers and __user pointer sanitization
[    0.048007] Spectre V2 : Mitigation: Full generic retpoline
[    0.052004] Spectre V2 : Spectre v2 / SpectreRSB mitigation: Filling RSB on context switch
[    0.056004] Speculative Store Bypass: Vulnerable
[    0.060065] MDS: Vulnerable: Clear CPU buffers attempted, no microcode
[    0.064403] Freeing SMP alternatives memory: 36K
[    0.181350] smpboot: CPU0: Intel(R) Core(TM) i5-2540M CPU @ 2.60GHz (family: 0x6, model: 0x2a, stepping: 0x7)
[    0.184000] Performance Events: unsupported p6 CPU model 42 no PMU driver, software events only.
[    0.184117] Hierarchical SRCU implementation.
[    0.188852] NMI watchdog: Perf event create on CPU 0 failed with -2
[    0.192005] NMI watchdog: Perf NMI watchdog permanently disabled
[    0.196100] smp: Bringing up secondary CPUs ...
[    0.198078] x86: Booting SMP configuration:
[    0.200006] .... node  #0, CPUs:      #1
[    0.004000] kvm-clock: cpu 1, msr 0:3ff44041, secondary cpu clock
[    0.206526] smp: Brought up 1 node, 2 CPUs
[    0.208022] smpboot: Max logical packages: 1
[    0.212006] smpboot: Total of 2 processors activated (10366.32 BogoMIPS)
[    0.216247] devtmpfs: initialized
[    0.220110] x86/mm: Memory block size: 128MB
[    0.224435] evm: security.selinux
[    0.228003] evm: security.SMACK64
[    0.232003] evm: security.SMACK64EXEC
[    0.236003] evm: security.SMACK64TRANSMUTE
[    0.240003] evm: security.SMACK64MMAP
[    0.244003] evm: security.apparmor
[    0.245276] evm: security.ima
[    0.246441] evm: security.capability
[    0.248244] clocksource: jiffies: mask: 0xffffffff max_cycles: 0xffffffff, max_idle_ns: 7645041785100000 ns
[    0.252039] futex hash table entries: 512 (order: 3, 32768 bytes)
[    0.257668] pinctrl core: initialized pinctrl subsystem
[    0.260237] RTC time: 16:28:55, date: 11/25/19
[    0.264400] NET: Registered protocol family 16
[    0.266204] audit: initializing netlink subsys (disabled)
[    0.268053] audit: type=2000 audit(1574699341.661:1): state=initialized audit_enabled=0 res=1
[    0.276017] cpuidle: using governor ladder
[    0.279961] cpuidle: using governor menu
[    0.280136] ACPI: bus type PCI registered
[    0.281536] acpiphp: ACPI Hot Plug PCI Controller Driver version: 0.5
[    0.284194] PCI: Using configuration type 1 for base access
[    0.292074] HugeTLB registered 2.00 MiB page size, pre-allocated 0 pages
[    0.294242] ACPI: Added _OSI(Module Device)
[    0.296006] ACPI: Added _OSI(Processor Device)
[    0.297556] ACPI: Added _OSI(3.0 _SCP Extensions)
[    0.299417] ACPI: Added _OSI(Processor Aggregator Device)
[    0.300005] ACPI: Added _OSI(Linux-Dell-Video)
[    0.301787] ACPI: Added _OSI(Linux-Lenovo-NV-HDMI-Audio)
[    0.304005] ACPI: Added _OSI(Linux-HPI-Hybrid-Graphics)
[    0.306299] ACPI: Executed 1 blocks of module-level executable AML code
[    0.327017] ACPI: Interpreter enabled
[    0.328032] ACPI: (supports S0 S5)
[    0.329272] ACPI: Using IOAPIC for interrupt routing
[    0.332628] PCI: Using host bridge windows from ACPI; if necessary, use "pci=nocrs" and report a bug
[    0.336000] ACPI: Enabled 2 GPEs in block 00 to 07
[    0.357553] ACPI: PCI Root Bridge [PCI0] (domain 0000 [bus 00-ff])
[    0.360013] acpi PNP0A03:00: _OSC: OS supports [ASPM ClockPM Segments MSI]
[    0.364071] acpi PNP0A03:00: _OSC: not requesting OS control; OS requires [ExtendedConfig ASPM ClockPM MSI]
[    0.368039] acpi PNP0A03:00: fail to add MMCONFIG information, can't access extended PCI configuration space under this bridge.
[    0.376744] PCI host bridge to bus 0000:00
[    0.378359] pci_bus 0000:00: root bus resource [io  0x0000-0x0cf7 window]
[    0.380006] pci_bus 0000:00: root bus resource [io  0x0d00-0xffff window]
[    0.384006] pci_bus 0000:00: root bus resource [mem 0x000a0000-0x000bffff window]
[    0.388006] pci_bus 0000:00: root bus resource [mem 0x40000000-0xfdffffff window]
[    0.392010] pci_bus 0000:00: root bus resource [bus 00-ff]
[    0.401790] pci 0000:00:01.1: legacy IDE quirk: reg 0x10: [io  0x01f0-0x01f7]
[    0.404005] pci 0000:00:01.1: legacy IDE quirk: reg 0x14: [io  0x03f6]
[    0.408008] pci 0000:00:01.1: legacy IDE quirk: reg 0x18: [io  0x0170-0x0177]
[    0.412005] pci 0000:00:01.1: legacy IDE quirk: reg 0x1c: [io  0x0376]
[    0.444927] pci 0000:00:07.0: quirk: [io  0x4000-0x403f] claimed by PIIX4 ACPI
[    0.448029] pci 0000:00:07.0: quirk: [io  0x4100-0x410f] claimed by PIIX4 SMB
[    0.465417] ACPI: PCI Interrupt Link [LNKA] (IRQs 5 9 10 *11)
[    0.469208] ACPI: PCI Interrupt Link [LNKB] (IRQs 5 9 *10 11)
[    0.472314] ACPI: PCI Interrupt Link [LNKC] (IRQs 5 *9 10 11)
[    0.476298] ACPI: PCI Interrupt Link [LNKD] (IRQs 5 9 10 *11)
[    0.484646] SCSI subsystem initialized
[    0.486260] pci 0000:00:02.0: vgaarb: setting as boot VGA device
[    0.487807] pci 0000:00:02.0: vgaarb: VGA device added: decodes=io+mem,owns=io+mem,locks=none
[    0.492007] pci 0000:00:02.0: vgaarb: bridge control possible
[    0.496000] vgaarb: loaded
[    0.496086] ACPI: bus type USB registered
[    0.497733] usbcore: registered new interface driver usbfs
[    0.500023] usbcore: registered new interface driver hub
[    0.504050] usbcore: registered new device driver usb
[    0.506159] EDAC MC: Ver: 3.0.0
[    0.508378] PCI: Using ACPI for IRQ routing
[    0.516493] NetLabel: Initializing
[    0.518121] NetLabel:  domain hash size = 128
[    0.520008] NetLabel:  protocols = UNLABELED CIPSOv4 CALIPSO
[    0.524054] NetLabel:  unlabeled traffic allowed by default
[    0.528231] clocksource: Switched to clocksource kvm-clock
[    0.567755] VFS: Disk quotas quot_6.6.0
[    0.606559] VFS: Dquot-cache hash table entries: 512 (order 0, 4096 bytes)
[    0.608928] AppArmor: AppArmor Filesystem Enabled
[   0.610902] pnp: PnP API init
[   0.688401] pnp: PnP ACPI: found 3 devices

[   0.741494] clocksource: acpi_pm mask: 0xffffff max_cycles: 0xffffff, max_idle_ns: 2085701024 ns
[    0.828359] NET: Registered protocol family 2

[    0.830863] TCP established hash table entries: 8192 (order: 4, 65536 bytes)
[    0.834213] TCP bind hash table entries: 8192 (order: 5, 131072 bytes)
[    0.838780] TCP: Hash tables configured (established 8192 bind 8192)
[    0.841413] UDP hash table entries: 512 (order: 2, 16384 bytes)
[    0.844645] UDP-Lite hash table entries: 512 (order: 2, 16384 bytes)
[    0.848060] NET: Registered protocol family 1
[    0.850506] pci 0000:00:00.0: Limiting direct PCI/PCI transfers
[    0.853477] pci 0000:00:01.0: Activating ISA DMA hang workarounds
[    0.856701] pci 0000:00:02.0: Video device with shadowed ROM at [mem 0x000c0000-0x000dffff]
[    0.860837] Unpacking initramfs...
[    1.545557] Freeing initrd memory: 19152K
[    1.549150] clocksource: tsc: mask: 0xffffffffffffffff max_cycles: 0x255b2c361e3, max_idle_ns: 440795319296 ns
[    1.563394] platform rtc_cmos: registered platform RTC device (no PNP device found)
[    1.566410] Scanning for low memory corruption every 60 seconds
[    1.569611] Initialise system trusted keyrings
[    1.571152] Key type blacklist registered
[    1.572908] workingset: timestamp_bits=36 max_order=18 bucket_order=0
[    1.578022] zbud: loaded
[    1.580227] squashfs: version 4.0 (2009/01/31) Phillip Lougher
[    1.582660] fuse init (API version 7.26)
[    1.588703] Key type asymmetric registered
[    1.598633] Asymmetric key parser 'x509' registered
[    1.602333] Block layer SCSI generic (bsg) driver version 0.4 loaded (major 246)
[    1.605678] io scheduler noop registered
[    1.608776] io scheduler deadline registered
[    1.619088] io scheduler cfq registered (default)
[    1.633027] ACPI: AC Adapter [AC] (on-line)
[    1.638150] input: Power Button as /devices/LNXSYSTM:00/LNXPWRBN:00/input/input0
[    1.646733] ACPI: Power Button [PWRF]
[    1.649549] input: Sleep Button as /devices/LNXSYSTM:00/LNXSLPBN:00/input/input1
[    1.658919] ACPI: Sleep Button [SLPF]
[    1.677845] Serial: 8250/16550 driver, 32 ports, IRQ sharing enabled
[    1.680379] ACPI: Battery Slot [BAT0] (battery present)
[    1.706172] 00:02: ttyS0 at I/O 0x3f8 (irq = 4, base_baud = 115200) is a 16550A
[    1.712628] Linux agpgart interface v0.103
[    1.716733] loop: module loaded
[    1.719140] scsi host0: ata_piix
[    1.720550] scsi host1: ata_piix
[    1.721811] ata1: PATA max UDMA/33 cmd 0x1f0 ctl 0x3f6 bmdma 0xd000 irq 14
[    1.724005] ata2: PATA max UDMA/33 cmd 0x170 ctl 0x376 bmdma 0xd008 irq 15
[    1.731506] libphy: Fixed MDIOBu: roed
[   1.891558] tun: Universal TUN/TAP device driver, 1.6

[    1.931265] PPP generic driver version 2.4.2
[    1.933430] ehci_hcd: USB 2.0 'Enhanced' Host ntroller (EHCI) Driver
[    2.016377] ehci-pci: EHCI PCI platform driver
[    2.018484] ehci-platform: EHCI generic platform driver
[    2.020320] ohci_hcd: USB 1.1 'Open' Host Controller (OHCI) Driver
[    2.022437] ohci-pci: OHCI PCI platform driver
[    2.023965] ohci-platform: OHCI generic platform driver
[    2.026005] uhci_hcd: USB Universal Host Controller Interface driver
[    2.028414] i8042: PNP: PS/2 Controller [PNP0303:PS2K,PNP0f03:PS2M] at 0x60,0x64 irq 1,12
[    2.032354] serio: i8042 KBD port at 0x60,0x64 irq 1
[    2.034088] serio: i8042 AUX port at 0x60,0x64 irq 12
[    2.035906] mousedev: PS/2 mouse device common for all mice

[    2.038699] rtc_cmos rtc_cmos: rtc core: registered rtc_cmos as rtc0
[    2.041394] input: AT Translated Set 2 keyboard as /devices/platform/i8042/serio0/input/input2
[    2.044676] rtc_cmos rtc_cmos: alarms up to one day, 114 bytes nvram
[    2.047681] i2c /dev entries driver
[    2.049225] device-mapper: uevent: version 1.0.3
[    2.050992] device-mapper: ioctl: 4.37.0-ioctl (2017-09-20) initialised: dm-devel@redhat.com
[    2.053909] ledtrig-cpu: registered to indicate activity on CPUs
[    2.072730] NET: Registered protocol family 10
[    2.081458] Segment Routing with IPv6
[    2.088046] NET: Registered protocol family 17
[    2.089727] Key type dns_resolver registered
[    2.091589] mce: Using 0 MCE banks
[    2.092887] RAS: Correctable Errors collector initialized.
[    2.094742] sched_clock: Marking stable (2092858499, 0)->(2890642454, -797783955)
[    2.098157] registered taskstats version 1
[    2.099804] Loading compiled-in X.509 certificates
[    2.106014] Loaded X.509 cert 'Build time autogenerated kernel key: 1859b0531897959199376c446a0bd70df75fd1fc'
[    2.111706] zswap: loaded using pool lzo/zbud
[    2.124066] Key type big_key registered
[    2.125664] Key type trusted registered
[    2.130291] Key type encrypted registered
[    2.131732] AppArmor: AppArmor sha1 policy hashing enabled
[    2.133629] ima: No TPM chip found, activating TPM-bypass! (rc=-19)
[    2.135848] ima: Allocated hash algorithm: sha1
[    2.137722] evm: HMAC attrs: 0x1
[    2.139388]   Magic number: 11:533:490
[    2.140966] rtc_cmos rtc_cmos: setting system clock to 2019-11-25 16:28:57 UTC (1574699337)
[    2.144015] BIOS EDD facility v0.16 2004-Jun-25, 0 devices found
[    2.146050] EDD information not available.
[    2.158280] Freeing unused kernel image memory: 2432K
[    2.184919] Write protecting the kernel read-only data: 20480k
[    2.188523] Freeing unused kernel image memory: 2008K
[    2.191380] Freeing unused kernel image memory: 1880K
[    2.227973] x86/mm: Checked W+X mappings: passed, no W+X pages found.
[    2.230069] x86/mm: Checking user space page tables
[    2.274327] x86/mm: Checked W+X mappings: passed, no W+X pages found.
Loading, please wait...
starting version 237
[    2.473859] Fusion MPT base driver 3.04.20
[    2.475487] Copyright (c) 1999-2008 LSI Corporation
[    2.506608] e1000: Intel(R) PRO/1000 Network Driver - version 7.3.21-k8-NAPI
[    2.516591] e1000: Copyright (c) 1999-2006 Intel Corporation.
[    2.538710] Fusion MPT SPI Host driver 3.04.20
[    2.541213] AVX version of gcm_enc/dec engaged.
[    2.545065] AES CTR mode by8 optimization enabled
[    2.717848] input: ImExPS/2 Generic Explorer Mouse as /devices/platform/i8042/serio1/input/input4
[    3.023381] e1000 0000:00:03.0 eth0: (PCI:33MHz:32-bit) 02:51:75:a4:93:2b
[    3.033201] e1000 0000:00:03.0 eth0: Intel(R) PRO/1000 Network Connection
[    3.044174] mptbase: ioc0: Initiating bringup
[    3.049709] e1000 0000:00:03.0 enp0s3: renamed from eth0
[    3.538612] ioc0: LSI53C1030 A0: Capabilities={Initiator}
[    4.598789] scsi host2: ioc0: LSI53C1030 A0, FwRev=00000000h, Ports=1, MaxQ=256, IRQ=20
[    5.506059] scsi 2:0:0:0: Direct-Access     VBOX     HARDDISK         1.0  PQ: 0 ANSI: 5
[    5.544158] scsi target2:0:0: Beginning Domain Validation
[    5.577361] scsi target2:0:0: Domain Validation skipping write tests
[    5.582465] scsi target2:0:0: Ending Domain Validation
[    5.587096] scsi target2:0:0: asynchronous
[    5.593369] scsi 2:0:1:0: Direct-Access     VBOX     HARDDISK         1.0  PQ: 0 ANSI: 5
[    5.632949] scsi target2:0:1: Beginning Domain Validation
[    5.641531] random: fast init done
[    5.650710] scsi target2:0:1: Domain Validation skipping write tests
[    5.655749] scsi target2:0:1: Ending Domain Validation
[    5.660493] scsi target2:0:1: asynchronous
[    5.683718] random: systemd-udevd: uninitialized urandom read (16 bytes read)
[    5.689543] random: systemd-udevd: uninitialized urandom read (16 bytes read)
[    5.697856] sd 2:0:0:0: Attached scsi generic sg0 type 0
[    5.704670] random: systemd-udevd: uninitialized urandom read (16 bytes read)
[    5.723822] sd 2:0:0:0: [sda] 20971520 512-byte logical blocks: (10.7 GB/10.0 GiB)
[    5.727764] sd 2:0:0:0: [sda] Write Protect is off
[    5.739937] sd 2:0:1:0: Attached scsi generic sg1 type 0
[    5.745922] sd 2:0:0:0: [sda] Incomplete mode parameter data
[    5.748335] sd 2:0:0:0: [sda] Assuming drive cache: write through
[    5.750805] sd 2:0:1:0: [sdb] 20480 512-byte logical blocks: (10.5 MB/10.0 MiB)
[    5.760508] sd 2:0:1:0: [sdb] Write Protect is off
[    5.767940]  sda: sda1
[    5.777104] sd 2:0:1:0: [sdb] Incomplete mode parameter data
[    5.777704] sd 2:0:0:0: [sda] Attached SCSI disk
[    5.780856] sd 2:0:1:0: [sdb] Assuming drive cache: write through
[    7.070168] sd 2:0:1:0: [sdb] Attached SCSI disk
Begin: Loading essential drivers ... [    9.292703] raid6: sse2x1   gen()  2727 MB/s
[    9.340543] raid6: sse2x1   xor()  1773 MB/s
[    9.392237] raid6: sse2x2   gen()  5661 MB/s
[    9.440073] raid6: sse2x2   xor()  2744 MB/s
[    9.488029] raid6: sse2x4   gen()  5356 MB/s
[    9.540628] raid6: sse2x4   xor()  3290 MB/s
[    9.542827] raid6: using algorithm sse2x2 gen() 5661 MB/s
[    9.546948] raid6: .... xor() 2744 MB/s, rmw enabled
[    9.548826] raid6: using ssse3x2 recovery algorithm
[    9.552250] xor: automatically using best checksumming function   avx       
[    9.557640] async_tx: api initialized (async)
done.
Begin: Running /scripts/init-premount ... done.
Begin: Mounting root file system ... Begin: Running /scripts/local-top ... done.
Begin: Running /scripts/local-premount ... [    9.681756] Btrfs loaded, crc32c=crc32c-intel
Scanning for Btrfs filesystems
done.
Warning: fsck not present, so skipping root file system
[    9.743670] EXT4-fs (sda1): mounted filesystem with ordered data mode. Opts: (null)
done.
Begin: Running /scripts/local-bottom ... done.
Begin: Running /scripts/init-bottom ... done.
[   10.096938] ip_tables: (C) 2000-2006 Netfilter Core Team
[   10.126905] systemd[1]: systemd 237 running in system mode. (+PAM +AUDIT +SELINUX +IMA +APPARMOR +SMACK +SYSVINIT +UTMP +LIBCRYPTSETUP +GCRYPT +GNUTLS +ACL +XZ +LZ4 +SECCOMP +BLKID +ELFUTILS +KMOD -IDN2 +IDN -PCRE2 default-hierarchy=hybrid)
[   10.599565] systemd[1]: Detected virtualization oracle.
[   11.070441] systemd[1]: Detected architecture x86-64.

Welcome to [1mUbuntu 18.04.3 LTS[0m!

[   11.094524] systemd[1]: Set hostname to <ubuntu-bionic>.
[   11.139248] systemd-fstab-generator[365]: Failed to create unit file /run/systemd/generator/swapdir-swapfile.swap, as it already exists. Duplicate entry in /etc/fstab?
[   11.398515] systemd[357]: /lib/systemd/system-generators/systemd-fstab-generator failed with exit status 1.
[   11.604021] systemd[1]: Reached target User and Group Name Lookups.
[[0;32m  OK  [0m] Reached target User and Group Name Lookups.
[   11.612482] systemd[1]: Created slice System Slice.
[[0;32m  OK  [0m] Created slice System Slice.
[   12.059629] systemd[1]: Listening on Device-mapper event daemon FIFOs.
[[0;32m  OK  [0m] Listening on Device-mapper event daemon FIFOs.
[   12.066458] systemd[1]: Created slice system-serial\x2dgetty.slice.
[[0;32m  OK  [0m] Created slice system-serial\x2dgetty.slice.
[   12.071725] systemd[1]: Reached target System Time Synchronized.
[[0;32m  OK  [0m] Reached target System Time Synchronized.
[[0;32m  OK  [0m] Listening on Syslog Socket.
[[0;32m  OK  [0m] Listening on Journal Audit Socket.
[[0;32m  OK  [0m] Listening on LVM2 poll daemon socket.
[[0;32m  OK  [0m] Listening on /dev/initctl Compatibility Named Pipe.
[[0;32m  OK  [0m] Listening on Journal Socket.
         Mounting Kernel Debug File System...
         Mounting Huge Pages File System...
         Mounting POSIX Message Queue File System...
         Starting Remount Root and Kernel File Systems...
[[0;32m  OK  [0m] Listening on udev Control Socket.
[[0;32m  OK  [0m] Set up automount Arbitrary Executab…rmats File System Automount Point.
[   12.213147] EXT4-fs (sda1): re-mounted. Opts: (null)
         Starting Set the console keyboard layout...
         Starting Uncomplicated firewall...
[[0;32m  OK  [0m] Started Forward Password Requests to Wall Directory Watch.
         Starting Create list of required st…ce nodes for the current kernel...
         Starting Load Kernel Modules...
[[0;32m  OK  [0m] Listening on LVM2 metadata da[   12.311400] Loading iSCSI transport class v2.0-870.
emon socket.
         Starting Monitoring of LVM2 mirrors…n[   12.332675] iscsi: registered transport (tcp)
g dmeventd or progress polling...
[[0;32m  OK  [0m] Listening on udev Kernel Socket.
         Starting udev Coldplug all Devices...
[[0;32m  OK  [0m] Listening on Network Service Netlink Socket.
[[0;32m  OK  [0m] Listening on Journal Socket (/dev/log).
         Starting Journal Service...
[[0;32m  OK  [0m] Created slice User and Session Slice.
[[0;32m  OK  [0m] Reached target Slices.
[[0;32m  OK  [0m] Mounted Kernel Debug File System.
[[0;32m  OK  [0m] Mounted Huge Pages File System.
[[0;32m  OK  [0m] Mounted POSIX Message Queue File System.
[[0;32m  OK  [0m] Started Remount Root and Kernel File Systems.
[[0;32m  OK  [0m] Started Uncomplicated firewall.
[[0;32m  OK  [0m] Started Create list of required sta…vice nodes for the current kernel.
[[0;32m  OK  [0m] Started LVM2 metadata daemon.
         Starting Create Static Device Nodes in /dev...
         Starting Load/Save Random Seed...
         Activating swap /swapdir/swapfile...
[[0;32m  OK  [0m] Started Load/Save Random Seed.
[[0;32m  OK  [0m] Started Create Static Device Nodes in /dev.
         Starting udev Kernel Device Manager...
[   12.577682] iscsi: registered transport (iser)
[[0;32m  OK  [0m] Started Monitoring of LVM2 mirrors,…sing dmeventd or progress polling.
[[0;32m  OK  [0m] Started Load Kernel Modules.
         Starting Apply Kernel Variables...
         Mounting FUSE Control File System...
         Mounting Kernel Configuration File System...
[[0;32m  OK  [0m] Mounted FUSE Control File System.
[[0;32m  OK  [0m] Mounted Kernel Configuration File System.
[[0;32m  OK  [0m] Started Apply Kernel Variables.
[[0;32m  OK  [0m] Started Journal Service.
         Starting Flush Journal to Persistent Storage...
[[0;32m  OK  [0m] Started udev Coldplug all Devices.
[[0;32m  OK  [0m] Started udev Kernel Device Manager.
[[0;32m  OK  [0m] Started Set the console keyboard layout.
[[0;32m  OK  [0m] Reached target Local File Systems (Pre).
[[0;32m  OK  [0m] Reached target Local File Systems.
         Starting ebtables ruleset management...
         Starting Tell Plymouth To Write Out Runtime Data...
         Starting Set console font and keymap...
         Starting AppArmor initialization...
[[0;32m  OK  [0m] Started Dispatch Password Requests to Console Directory Watch.
[[0;32m  OK  [0m] Reached target Local Encrypted Volumes.
[[0;32m  OK  [0m] Started Tell Plymouth To Write Out Runtime Data.
[[0;32m  OK  [0m] Started Set console font and keymap.
[[0;32m  OK  [0m] Activated swap /swapdir/swapfile.
[[0;32m  OK  [0m] Reached target Swap.
[[0;32m  OK  [0m] Started ebtables ruleset management.
[[0;32m  OK  [0m] Started Flush Journal to Persistent Storage.
         Starting Create Volatile Files and Directories...
[[0;32m  OK  [0m] Started Create Volatile Files and Directories.
         Starting Update UTMP about System Boot/Shutdown...
[[0;32m  OK  [0m] Started Update UTMP about System Boot/Shutdown.
[[0;32m  OK  [0m] Started AppArmor initialization.
         Starting Initial cloud-init job (pre-networking)...
[[0;32m  OK  [0m] Found device /dev/ttyS0.
[[0;32m  OK  [0m] Listening on Load/Save RF Kill Switch Status /dev/rfkill Watch.
[   15.699552] cloud-init[504]: Cloud-init v. 19.2-36-g059d049c-0ubuntu2~18.04.1 running 'init-local' at Mon, 25 Nov 2019 16:29:10 +0000. Up 15.26 seconds.
[[0;32m  OK  [0m] Started Initial cloud-init job (pre-networking).
[[0;32m  OK  [0m] Reached target Network (Pre).
         Starting Network Service...
[[0;32m  OK  [0m] Started Network Service.
         Starting Network Name Resolution...
         Starting Wait for Network to be Configured...
[[0;32m  OK  [0m] Started Network Name Resolution.
[[0;32m  OK  [0m] Reached target Host and Network Name Lookups.
[[0;32m  OK  [0m] Reached target Network.
[[0;32m  OK  [0m] Started Wait for Network to be Configured.
         Starting Initial cloud-init job (metadata service crawler)...
[   18.486816] cloud-init[656]: Cloud-init v. 19.2-36-g059d049c-0ubuntu2~18.04.1 running 'init' at Mon, 25 Nov 2019 16:29:13 +0000. Up 18.12 seconds.
[   18.525805] cloud-init[656]: ci-info: ++++++++++++++++++++++++++++++++++++++Net device info++++++++++++++++++++++++++++++++++++++
[   18.542584] cloud-init[656]: ci-info: +--------+------+----------------------------+---------------+--------+-------------------+
[   18.584325] cloud-init[656]: ci-info: | Device |  Up  |          Address           |      Mask     | Scope  |     Hw-Address    |
[   18.612479] cloud-init[656]: ci-info: +--------+------+----------------------------+---------------+--------+-------------------+
[   18.617563] cloud-init[656]: ci-info: | enp0s3 | True |         10.0.2.15          | 255.255.255.0 | global | 02:51:75:a4:93:2b |
[   18.672264] cloud-init[656]: ci-info: | enp0s3 | True | fe80::51:75ff:fea4:932b/64 |       .       |  link  | 02:51:75:a4:93:2b |
[   18.684963] cloud-init[656]: ci-info: |   lo   | True |         127.0.0.1          |   255.0.0.0   |  host  |         .         |
[   18.689783] cloud-init[656]: ci-info: |   lo   | True |          ::1/128           |       .       |  host  |         .         |
[   18.695991] cloud-init[656]: ci-info: +--------+------+----------------------------+---------------+--------+-------------------+
[   18.733844] cloud-init[656]: ci-info: ++++++++++++++++++++++++++++Route IPv4 info+++++++++++++++++++++++++++++
[   18.767999] cloud-init[656]: ci-info: +-------+-------------+----------+-----------------+-----------+-------+
[   18.771929] cloud-init[656]: ci-info: | Route | Destination | Gateway  |     Genmask     | Interface | Flags |
[   18.775997] cloud-init[656]: ci-info: +-------+-------------+----------+-----------------+-----------+-------+
[   18.780765] cloud-init[656]: ci-info: |   0   |   0.0.0.0   | 10.0.2.2 |     0.0.0.0     |   enp0s3  |   UG  |
[   18.787091] cloud-init[656]: ci-info: |   1   |   10.0.2.0  | 0.0.0.0  |  255.255.255.0  |   enp0s3  |   U   |
[   18.809268] cloud-init[656]: ci-info: |   2   |   10.0.2.2  | 0.0.0.0  | 255.255.255.255 |   enp0s3  |   UH  |
[   18.813343] cloud-init[656]: ci-info: +-------+-------------+----------+-----------------+-----------+-------+
[   18.817367] cloud-init[656]: ci-info: +++++++++++++++++++Route IPv6 info+++++++++++++++++++
[[0;32m  OK  [0m] Started Initial cloud-init job (metadata service crawler).
[   18.860985] [[0;32m  OK  [0m] Reached target Cloud-config availability.
[[0;32m  OK  [0m] Reached target System Initialization.
         Starting Socket activation for snappy daemon.
[[0;32m  OK  [0m] Listening on D-Bus System Message Bus Socket.
[cloud-init[0;32m  OK  [0m[656]: ] ci-info: +-------+-------------+---------+-----------+-------+Started Daily Cleanup of Temporary Directories.

[[0;32m  OK  [0m] Started Message of the Day.
[   18.889958] [[0;32m  OK  [0m] Listening on UUID daemon activation socket.
cloud-init[656]: ci-info: | Route | Destination | Gateway | Interface | Flags |         Starting LXD - unix socket.
[[0;32m  OK  [0m] Listening on ACPID Listen Socket.
[[0;32m  OK  [0m] Listening on Open-iSCSI iscsid Socket.
[[0;32m  OK  [0m] Started Clean PHP session files every 30 mins.

[[0;32m  OK  [0m] Started ACPI Events Check.
[   18.916973] [[0;32m  OK  [0m] Reached target Paths.
[[0;32m  OK  [0m] Started Daily apt download activities.
[[0;32m  OK  [0m] Started Daily apt upgrade and clean activities.
[[0;32m  OK  [0m] Started Discard unused blocks once a week.
[[0;32m  OK  [0m] Reached target Timers.
[[0;32m  OK  [0m] Reached target Network is Online.
cloud-init[656]: ci-info: +-------+-------------+---------+-----------+-------+
[[0;32m  OK  [0m] Reached target Remote File Systems (Pre).
[[0;32m  OK  [0m] Reached target Remote File Systems.
[   18.990648] cloud-init[656]: ci-info: |   1   |  fe80::/64  |    ::   |   enp0s3  |   U   |
         Starting Availability of block devices...
[   19.048803] [[0;32m  OK  [0m] Listening on Socket activation for snappy daemon.
[[0;32m  OK  [0m] Listening on LXD - unix socket.
cloud-init[656]: ci-info: |   3   |    local    |    ::   |   enp0s3  |   U   |
[[0;32m  OK  [0m] Started Availability of block devices.
[   19.122783] [[0;32m  OK  [0m] Reached target Sockets.
[[0;32m  OK  [0m] Reached target Basic System.
cloud-init[656]: ci-info: |   4   |   ff00::/8  |    ::   |   enp0s3  |   U   |
[[0;32m  OK  [0m[   19.246135] cloud-init[656]: ci-info: +-------+-------------+---------+-----------+-------+
] Started irqbalance daemon.
[[0;32m  OK  [0m] Started Regular background program processing daemon.
         Starting The Apache HTTP Server...
         Starting vboxadd.service...
         Starting LSB: automatic crash report generation...
         Starting Login Service...
         Starting Permit User Sessions...
         Starting Virtualbox guest utils...
         Starting Accounts Service...
         Starting LXD - container startup/shutdown...
[[0;32m  OK  [0m] Started Deferred execution scheduler.
         Starting System Logging Service...
[[0;32m  OK  [0m] Started D-Bus System Message Bus.
         Starting Dispatcher daemon for systemd-networkd...
         Starting LSB: Record successful boot for GRUB...
         Starting OpenBSD Secure Shell server...
[[0;32m  OK  [0m] Started FUSE filesystem for LXC.
         Starting Snappy daemon...
[[0;32m  OK  [0m] Started System Logging Service.
[[0;32m  OK  [0m] Started Permit User Sessions.
[[0;32m  OK  [0m] Started Login Service.
[[0;32m  OK  [0m] Started OpenBSD Secure Shell server.
         Starting Authorization Manager...
[[0;32m  OK  [0m] Started Unattended Upgrades Shutdown.
         Starting Hold until boot process finishes up...
         Starting Terminate Plymouth Boot Screen...
[[0;32m  OK  [0m] Started LSB: automatic crash report generation.
[[0;32m  OK  [0m] Started Hold until boot process finishes up.
[[0;32m  OK  [0m] Started Terminate Plymouth Boot Screen.
         Starting Set console scheme...
[[0;32m  OK  [0m] Started Serial Getty on ttyS0.
[[0;32m  OK  [0m] Started Set console scheme.
[[0;32m  OK  [0m] Started LSB: Record successful boot for GRUB.
[[0;32m  OK  [0m] Started Authorization Manager.
[[0;32m  OK  [0m] Started Accounts Service.
[[0;32m  OK  [0m] Created slice system-getty.slice.
[[0;32m  OK  [0m] Started Getty on tty1.
[[0;32m  OK  [0m] Reached target Login Prompts.
[[0;32m  OK  [0m] Started LXD - container startup/shutdown.
[[0;32m  OK  [0m] Started Virtualbox guest utils.
[[0;32m  OK  [0m] Started The Apache HTTP Server.
[[0;32m  OK  [0m] Started vboxadd.service.
[[0;32m  OK  [0m] Started Dispatcher daemon for systemd-networkd.
         Starting vboxadd-service.service...
[[0;1;31mFAILED[0m] Failed to start vboxadd-service.service.
See 'systemctl status vboxadd-service.service' for details.
[[0;32m  OK  [0m] Started Snappy daemon.
         Starting Wait until snapd is fully seeded...
[[0;32m  OK  [0m] Started Wait until snapd is fully seeded.
         Starting Apply the settings specified in cloud-config...
[[0;32m  OK  [0m] Reached target Multi-User System.
[[0;32m  OK  [0m] Reached target Graphical Interface.
         Starting Update UTMP about System Runlevel Changes...
[[0;32m  OK  [0m] Started Update UTMP about System Runlevel Changes.
[   22.643966] cloud-init[1126]: Cloud-init v. 19.2-36-g059d049c-0ubuntu2~18.04.1 running 'modules:config' at Mon, 25 Nov 2019 16:29:17 +0000. Up 22.42 seconds.
[[0;32m  OK  [0m] Started Apply the settings specified in cloud-config.
         Starting Execute cloud user/final scripts...
[   23.853789] cloud-init[1162]: Cloud-init v. 19.2-36-g059d049c-0ubuntu2~18.04.1 running 'modules:final' at Mon, 25 Nov 2019 16:29:18 +0000. Up 23.61 seconds.
[   23.858389] cloud-init[1162]: Cloud-init v. 19.2-36-g059d049c-0ubuntu2~18.04.1 finished at Mon, 25 Nov 2019 16:29:19 +0000. Datasource DataSourceNoCloud [seed=/dev/sdb][dsmode=net].  Up 23.83 seconds
[[0;32m  OK  [0m] Started Execute cloud user/final scripts.
[[0;32m  OK  [0m] Reached target Cloud-init target.

Ubuntu 18.04.3 LTS ubuntu-bionic ttyS0

ubuntu-bionic login: [   99.830746] systemd-fstab-generator[2004]: Failed to create unit file /run/systemd/generator/swapdir-swapfile.swap, as it already exists. Duplicate entry in /etc/fstab?
[  100.241589] systemd-fstab-generator[2037]: Failed to create unit file /run/systemd/generator/swapdir-swapfile.swap, as it already exists. Duplicate entry in /etc/fstab?
[  101.221568] systemd-fstab-generator[2088]: Failed to create unit file /run/systemd/generator/swapdir-swapfile.swap, as it already exists. Duplicate entry in /etc/fstab?
[  101.542489] systemd-fstab-generator[2113]: Failed to create unit file /run/systemd/generator/swapdir-swapfile.swap, as it already exists. Duplicate entry in /etc/fstab?
[  101.966079] systemd-fstab-generator[2146]: Failed to create unit file /run/systemd/generator/swapdir-swapfile.swap, as it already exists. Duplicate entry in /etc/fstab?
[  102.423601] systemd-fstab-generator[2175]: Failed to create unit file /run/systemd/generator/swapdir-swapfile.swap, as it already exists. Duplicate entry in /etc/fstab?
[  104.774344] systemd-fstab-generator[2330]: Failed to create unit file /run/systemd/generator/swapdir-swapfile.swap, as it already exists. Duplicate entry in /etc/fstab?
[  105.097063] systemd-fstab-generator[2356]: Failed to create unit file /run/systemd/generator/swapdir-swapfile.swap, as it already exists. Duplicate entry in /etc/fstab?
[  105.399970] systemd-fstab-generator[2382]: Failed to create unit file /run/systemd/generator/swapdir-swapfile.swap, as it already exists. Duplicate entry in /etc/fstab?
[  105.715041] systemd-fstab-generator[2407]: Failed to create unit file /run/systemd/generator/swapdir-swapfile.swap, as it already exists. Duplicate entry in /etc/fstab?
[  106.268241] systemd-fstab-generator[2441]: Failed to create unit file /run/systemd/generator/swapdir-swapfile.swap, as it already exists. Duplicate entry in /etc/fstab?
[  106.793297] systemd-fstab-generator[2468]: Failed to create unit file /run/systemd/generator/swapdir-swapfile.swap, as it already exists. Duplicate entry in /etc/fstab?
[  107.265805] systemd-fstab-generator[2493]: Failed to create unit file /run/systemd/generator/swapdir-swapfile.swap, as it already exists. Duplicate entry in /etc/fstab?
[  107.760641] systemd-fstab-generator[2526]: Failed to create unit file /run/systemd/generator/swapdir-swapfile.swap, as it already exists. Duplicate entry in /etc/fstab?
[  230.237259] systemd-fstab-generator[4154]: Failed to create unit file /run/systemd/generator/swapdir-swapfile.swap, as it already exists. Duplicate entry in /etc/fstab?
[  230.509775] systemd-fstab-generator[4180]: Failed to create unit file /run/systemd/generator/swapdir-swapfile.swap, as it already exists. Duplicate entry in /etc/fstab?
[  231.009210] systemd-fstab-generator[4244]: Failed to create unit file /run/systemd/generator/swapdir-swapfile.swap, as it already exists. Duplicate entry in /etc/fstab?
[  231.378610] systemd-fstab-generator[4280]: Failed to create unit file /run/systemd/generator/swapdir-swapfile.swap, as it already exists. Duplicate entry in /etc/fstab?
[  232.446339] systemd-fstab-generator[4319]: Failed to create unit file /run/systemd/generator/swapdir-swapfile.swap, as it already exists. Duplicate entry in /etc/fstab?
[  233.101602] systemd-fstab-generator[4347]: Failed to create unit file /run/systemd/generator/swapdir-swapfile.swap, as it already exists. Duplicate entry in /etc/fstab?
[  233.430350] systemd-fstab-generator[4372]: Failed to create unit file /run/systemd/generator/swapdir-swapfile.swap, as it already exists. Duplicate entry in /etc/fstab?
[  233.805374] systemd-fstab-generator[4401]: Failed to create unit file /run/systemd/generator/swapdir-swapfile.swap, as it already exists. Duplicate entry in /etc/fstab?
[  244.235372] systemd-fstab-generator[4806]: Failed to create unit file /run/systemd/generator/swapdir-swapfile.swap, as it already exists. Duplicate entry in /etc/fstab?
[  253.671760] systemd-fstab-generator[5772]: Failed to create unit file /run/systemd/generator/swapdir-swapfile.swap, as it already exists. Duplicate entry in /etc/fstab?
[  254.013766] systemd-fstab-generator[5797]: Failed to create unit file /run/systemd/generator/swapdir-swapfile.swap, as it already exists. Duplicate entry in /etc/fstab?
[  254.350469] systemd-fstab-generator[5821]: Failed to create unit file /run/systemd/generator/swapdir-swapfile.swap, as it already exists. Duplicate entry in /etc/fstab?
[ 3397.568504] systemd-fstab-generator[10784]: Failed to create unit file /run/systemd/generator/swapdir-swapfile.swap, as it already exists. Duplicate entry in /etc/fstab?
[ 3398.225214] systemd-fstab-generator[10816]: Failed to create unit file /run/systemd/generator/swapdir-swapfile.swap, as it already exists. Duplicate entry in /etc/fstab?
[ 3398.586279] systemd-fstab-generator[10853]: Failed to create unit file /run/systemd/generator/swapdir-swapfile.swap, as it already exists. Duplicate entry in /etc/fstab?
[ 3398.905503] systemd-fstab-generator[10880]: Failed to create unit file /run/systemd/generator/swapdir-swapfile.swap, as it already exists. Duplicate entry in /etc/fstab?
[ 3399.415471] systemd-fstab-generator[10994]: Failed to create unit file /run/systemd/generator/swapdir-swapfile.swap, as it already exists. Duplicate entry in /etc/fstab?
[ 3399.945927] systemd-fstab-generator[11022]: Failed to create unit file /run/systemd/generator/swapdir-swapfile.swap, as it already exists. Duplicate entry in /etc/fstab?
[ 3400.340660] systemd-fstab-generator[11048]: Failed to create unit file /run/systemd/generator/swapdir-swapfile.swap, as it already exists. Duplicate entry in /etc/fstab?
[ 3400.685774] systemd-fstab-generator[11073]: Failed to create unit file /run/systemd/generator/swapdir-swapfile.swap, as it already exists. Duplicate entry in /etc/fstab?
[ 3406.766205] systemd-fstab-generator[11233]: Failed to create unit file /run/systemd/generator/swapdir-swapfile.swap, as it already exists. Duplicate entry in /etc/fstab?
[ 3407.150429] systemd-fstab-generator[11263]: Failed to create unit file /run/systemd/generator/swapdir-swapfile.swap, as it already exists. Duplicate entry in /etc/fstab?
[ 3407.680326] systemd-fstab-generator[11314]: Failed to create unit file /run/systemd/generator/swapdir-swapfile.swap, as it already exists. Duplicate entry in /etc/fstab?
[ 3408.011156] systemd-fstab-generator[11339]: Failed to create unit file /run/systemd/generator/swapdir-swapfile.swap, as it already exists. Duplicate entry in /etc/fstab?
[ 3408.463358] systemd-fstab-generator[11371]: Failed to create unit file /run/systemd/generator/swapdir-swapfile.swap, as it already exists. Duplicate entry in /etc/fstab?
[ 3408.895911] systemd-fstab-generator[11399]: Failed to create unit file /run/systemd/generator/swapdir-swapfile.swap, as it already exists. Duplicate entry in /etc/fstab?
[ 3410.672068] systemd-fstab-generator[11551]: Failed to create unit file /run/systemd/generator/swapdir-swapfile.swap, as it already exists. Duplicate entry in /etc/fstab?
[ 3410.946726] systemd-fstab-generator[11575]: Failed to create unit file /run/systemd/generator/swapdir-swapfile.swap, as it already exists. Duplicate entry in /etc/fstab?
[ 3411.299837] systemd-fstab-generator[11602]: Failed to create unit file /run/systemd/generator/swapdir-swapfile.swap, as it already exists. Duplicate entry in /etc/fstab?
[ 3411.610087] systemd-fstab-generator[11627]: Failed to create unit file /run/systemd/generator/swapdir-swapfile.swap, as it already exists. Duplicate entry in /etc/fstab?
[ 3412.174520] systemd-fstab-generator[11661]: Failed to create unit file /run/systemd/generator/swapdir-swapfile.swap, as it already exists. Duplicate entry in /etc/fstab?
[ 3412.622597] systemd-fstab-generator[11687]: Failed to create unit file /run/systemd/generator/swapdir-swapfile.swap, as it already exists. Duplicate entry in /etc/fstab?
[ 3413.019777] systemd-fstab-generator[11713]: Failed to create unit file /run/systemd/generator/swapdir-swapfile.swap, as it already exists. Duplicate entry in /etc/fstab?
[ 3413.489546] systemd-fstab-generator[11747]: Failed to create unit file /run/systemd/generator/swapdir-swapfile.swap, as it already exists. Duplicate entry in /etc/fstab?
[ 7057.296079] systemd-fstab-generator[13209]: Failed to create unit file /run/systemd/generator/swapdir-swapfile.swap, as it already exists. Duplicate entry in /etc/fstab?
[ 7057.933517] systemd-fstab-generator[13239]: Failed to create unit file /run/systemd/generator/swapdir-swapfile.swap, as it already exists. Duplicate entry in /etc/fstab?
[ 7058.308445] systemd-fstab-generator[13275]: Failed to create unit file /run/systemd/generator/swapdir-swapfile.swap, as it already exists. Duplicate entry in /etc/fstab?
[ 7058.657749] systemd-fstab-generator[13315]: Failed to create unit file /run/systemd/generator/swapdir-swapfile.swap, as it already exists. Duplicate entry in /etc/fstab?
[ 7059.155442] systemd-fstab-generator[13460]: Failed to create unit file /run/systemd/generator/swapdir-swapfile.swap, as it already exists. Duplicate entry in /etc/fstab?
[ 7059.735707] systemd-fstab-generator[13502]: Failed to create unit file /run/systemd/generator/swapdir-swapfile.swap, as it already exists. Duplicate entry in /etc/fstab?
[ 7060.040787] systemd-fstab-generator[13527]: Failed to create unit file /run/systemd/generator/swapdir-swapfile.swap, as it already exists. Duplicate entry in /etc/fstab?
[ 7060.386145] systemd-fstab-generator[13553]: Failed to create unit file /run/systemd/generator/swapdir-swapfile.swap, as it already exists. Duplicate entry in /etc/fstab?
[ 7067.465392] systemd-fstab-generator[13714]: Failed to create unit file /run/systemd/generator/swapdir-swapfile.swap, as it already exists. Duplicate entry in /etc/fstab?
[ 7067.919078] systemd-fstab-generator[13744]: Failed to create unit file /run/systemd/generator/swapdir-swapfile.swap, as it already exists. Duplicate entry in /etc/fstab?
[ 7068.522630] systemd-fstab-generator[13794]: Failed to create unit file /run/systemd/generator/swapdir-swapfile.swap, as it already exists. Duplicate entry in /etc/fstab?
[ 7068.921456] systemd-fstab-generator[13818]: Failed to create unit file /run/systemd/generator/swapdir-swapfile.swap, as it already exists. Duplicate entry in /etc/fstab?
[ 7069.490431] systemd-fstab-generator[13851]: Failed to create unit file /run/systemd/generator/swapdir-swapfile.swap, as it already exists. Duplicate entry in /etc/fstab?
[ 7070.080681] systemd-fstab-generator[13876]: Failed to create unit file /run/systemd/generator/swapdir-swapfile.swap, as it already exists. Duplicate entry in /etc/fstab?
[ 7072.531331] systemd-fstab-generator[14028]: Failed to create unit file /run/systemd/generator/swapdir-swapfile.swap, as it already exists. Duplicate entry in /etc/fstab?
[ 7072.879445] systemd-fstab-generator[14055]: Failed to create unit file /run/systemd/generator/swapdir-swapfile.swap, as it already exists. Duplicate entry in /etc/fstab?
[ 7073.318579] systemd-fstab-generator[14080]: Failed to create unit file /run/systemd/generator/swapdir-swapfile.swap, as it already exists. Duplicate entry in /etc/fstab?
[ 7073.707468] systemd-fstab-generator[14104]: Failed to create unit file /run/systemd/generator/swapdir-swapfile.swap, as it already exists. Duplicate entry in /etc/fstab?
[ 7074.356583] systemd-fstab-generator[14139]: Failed to create unit file /run/systemd/generator/swapdir-swapfile.swap, as it already exists. Duplicate entry in /etc/fstab?
[ 7074.866021] systemd-fstab-generator[14165]: Failed to create unit file /run/systemd/generator/swapdir-swapfile.swap, as it already exists. Duplicate entry in /etc/fstab?
[ 7075.569127] systemd-fstab-generator[14193]: Failed to create unit file /run/systemd/generator/swapdir-swapfile.swap, as it already exists. Duplicate entry in /etc/fstab?
[ 7076.248269] systemd-fstab-generator[14225]: Failed to create unit file /run/systemd/generator/swapdir-swapfile.swap, as it already exists. Duplicate entry in /etc/fstab?
[ 7714.581978] systemd-fstab-generator[15476]: Failed to create unit file /run/systemd/generator/swapdir-swapfile.swap, as it already exists. Duplicate entry in /etc/fstab?
[ 7714.903764] systemd-fstab-generator[15508]: Failed to create unit file /run/systemd/generator/swapdir-swapfile.swap, as it already exists. Duplicate entry in /etc/fstab?
[ 7715.229682] systemd-fstab-generator[15535]: Failed to create unit file /run/systemd/generator/swapdir-swapfile.swap, as it already exists. Duplicate entry in /etc/fstab?
[ 9137.690715] systemd-fstab-generator[16478]: Failed to create unit file /run/systemd/generator/swapdir-swapfile.swap, as it already exists. Duplicate entry in /etc/fstab?
[ 9138.346729] systemd-fstab-generator[16509]: Failed to create unit file /run/systemd/generator/swapdir-swapfile.swap, as it already exists. Duplicate entry in /etc/fstab?
[ 9138.713137] systemd-fstab-generator[16548]: Failed to create unit file /run/systemd/generator/swapdir-swapfile.swap, as it already exists. Duplicate entry in /etc/fstab?
[ 9139.038077] systemd-fstab-generator[16575]: Failed to create unit file /run/systemd/generator/swapdir-swapfile.swap, as it already exists. Duplicate entry in /etc/fstab?
[ 9139.536524] systemd-fstab-generator[16689]: Failed to create unit file /run/systemd/generator/swapdir-swapfile.swap, as it already exists. Duplicate entry in /etc/fstab?
[ 9140.075142] systemd-fstab-generator[16716]: Failed to create unit file /run/systemd/generator/swapdir-swapfile.swap, as it already exists. Duplicate entry in /etc/fstab?
[ 9140.447213] systemd-fstab-generator[16742]: Failed to create unit file /run/systemd/generator/swapdir-swapfile.swap, as it already exists. Duplicate entry in /etc/fstab?
[ 9140.774731] systemd-fstab-generator[16769]: Failed to create unit file /run/systemd/generator/swapdir-swapfile.swap, as it already exists. Duplicate entry in /etc/fstab?
[ 9147.030901] systemd-fstab-generator[16930]: Failed to create unit file /run/systemd/generator/swapdir-swapfile.swap, as it already exists. Duplicate entry in /etc/fstab?
[ 9147.434249] systemd-fstab-generator[16961]: Failed to create unit file /run/systemd/generator/swapdir-swapfile.swap, as it already exists. Duplicate entry in /etc/fstab?
[ 9147.935245] systemd-fstab-generator[17012]: Failed to create unit file /run/systemd/generator/swapdir-swapfile.swap, as it already exists. Duplicate entry in /etc/fstab?
[ 9148.239257] systemd-fstab-generator[17037]: Failed to create unit file /run/systemd/generator/swapdir-swapfile.swap, as it already exists. Duplicate entry in /etc/fstab?
[ 9148.697820] systemd-fstab-generator[17070]: Failed to create unit file /run/systemd/generator/swapdir-swapfile.swap, as it already exists. Duplicate entry in /etc/fstab?
[ 9149.087465] systemd-fstab-generator[17096]: Failed to create unit file /run/systemd/generator/swapdir-swapfile.swap, as it already exists. Duplicate entry in /etc/fstab?
[ 9150.937356] systemd-fstab-generator[17250]: Failed to create unit file /run/systemd/generator/swapdir-swapfile.swap, as it already exists. Duplicate entry in /etc/fstab?
[ 9151.240650] systemd-fstab-generator[17274]: Failed to create unit file /run/systemd/generator/swapdir-swapfile.swap, as it already exists. Duplicate entry in /etc/fstab?
[ 9151.591781] systemd-fstab-generator[17301]: Failed to create unit file /run/systemd/generator/swapdir-swapfile.swap, as it already exists. Duplicate entry in /etc/fstab?
[ 9151.918503] systemd-fstab-generator[17326]: Failed to create unit file /run/systemd/generator/swapdir-swapfile.swap, as it already exists. Duplicate entry in /etc/fstab?
[ 9152.484583] systemd-fstab-generator[17359]: Failed to create unit file /run/systemd/generator/swapdir-swapfile.swap, as it already exists. Duplicate entry in /etc/fstab?
[ 9152.886721] systemd-fstab-generator[17386]: Failed to create unit file /run/systemd/generator/swapdir-swapfile.swap, as it already exists. Duplicate entry in /etc/fstab?
[ 9153.379446] systemd-fstab-generator[17412]: Failed to create unit file /run/systemd/generator/swapdir-swapfile.swap, as it already exists. Duplicate entry in /etc/fstab?
[ 9153.806100] systemd-fstab-generator[17446]: Failed to create unit file /run/systemd/generator/swapdir-swapfile.swap, as it already exists. Duplicate entry in /etc/fstab?
[ 9727.103412] systemd-fstab-generator[18807]: Failed to create unit file /run/systemd/generator/swapdir-swapfile.swap, as it already exists. Duplicate entry in /etc/fstab?
[ 9727.804690] systemd-fstab-generator[18837]: Failed to create unit file /run/systemd/generator/swapdir-swapfile.swap, as it already exists. Duplicate entry in /etc/fstab?
[ 9728.176787] systemd-fstab-generator[18870]: Failed to create unit file /run/systemd/generator/swapdir-swapfile.swap, as it already exists. Duplicate entry in /etc/fstab?
[ 9728.509751] systemd-fstab-generator[18900]: Failed to create unit file /run/systemd/generator/swapdir-swapfile.swap, as it already exists. Duplicate entry in /etc/fstab?
[ 9728.975962] systemd-fstab-generator[19016]: Failed to create unit file /run/systemd/generator/swapdir-swapfile.swap, as it already exists. Duplicate entry in /etc/fstab?
[ 9729.478528] systemd-fstab-generator[19046]: Failed to create unit file /run/systemd/generator/swapdir-swapfile.swap, as it already exists. Duplicate entry in /etc/fstab?
[ 9729.879513] systemd-fstab-generator[19072]: Failed to create unit file /run/systemd/generator/swapdir-swapfile.swap, as it already exists. Duplicate entry in /etc/fstab?
[ 9730.217705] systemd-fstab-generator[19097]: Failed to create unit file /run/systemd/generator/swapdir-swapfile.swap, as it already exists. Duplicate entry in /etc/fstab?
[ 9736.409260] systemd-fstab-generator[19257]: Failed to create unit file /run/systemd/generator/swapdir-swapfile.swap, as it already exists. Duplicate entry in /etc/fstab?
[ 9736.776681] systemd-fstab-generator[19286]: Failed to create unit file /run/systemd/generator/swapdir-swapfile.swap, as it already exists. Duplicate entry in /etc/fstab?
[ 9737.247329] systemd-fstab-generator[19338]: Failed to create unit file /run/systemd/generator/swapdir-swapfile.swap, as it already exists. Duplicate entry in /etc/fstab?
[ 9737.585060] systemd-fstab-generator[19365]: Failed to create unit file /run/systemd/generator/swapdir-swapfile.swap, as it already exists. Duplicate entry in /etc/fstab?
[ 9738.038717] systemd-fstab-generator[19397]: Failed to create unit file /run/systemd/generator/swapdir-swapfile.swap, as it already exists. Duplicate entry in /etc/fstab?
[ 9738.448218] systemd-fstab-generator[19423]: Failed to create unit file /run/systemd/generator/swapdir-swapfile.swap, as it already exists. Duplicate entry in /etc/fstab?
[ 9740.355206] systemd-fstab-generator[19577]: Failed to create unit file /run/systemd/generator/swapdir-swapfile.swap, as it already exists. Duplicate entry in /etc/fstab?
[ 9740.687683] systemd-fstab-generator[19602]: Failed to create unit file /run/systemd/generator/swapdir-swapfile.swap, as it already exists. Duplicate entry in /etc/fstab?
[ 9741.047197] systemd-fstab-generator[19628]: Failed to create unit file /run/systemd/generator/swapdir-swapfile.swap, as it already exists. Duplicate entry in /etc/fstab?
[ 9741.389912] systemd-fstab-generator[19653]: Failed to create unit file /run/systemd/generator/swapdir-swapfile.swap, as it already exists. Duplicate entry in /etc/fstab?
[ 9741.937530] systemd-fstab-generator[19686]: Failed to create unit file /run/systemd/generator/swapdir-swapfile.swap, as it already exists. Duplicate entry in /etc/fstab?
[ 9742.325649] systemd-fstab-generator[19716]: Failed to create unit file /run/systemd/generator/swapdir-swapfile.swap, as it already exists. Duplicate entry in /etc/fstab?
[ 9742.762261] systemd-fstab-generator[19741]: Failed to create unit file /run/systemd/generator/swapdir-swapfile.swap, as it already exists. Duplicate entry in /etc/fstab?
[ 9743.214478] systemd-fstab-generator[19775]: Failed to create unit file /run/systemd/generator/swapdir-swapfile.swap, as it already exists. Duplicate entry in /etc/fstab?
[16720.121953] systemd-fstab-generator[15190]: Failed to create unit file /run/systemd/generator/swapdir-swapfile.swap, as it already exists. Duplicate entry in /etc/fstab?
[16720.982328] systemd-fstab-generator[15221]: Failed to create unit file /run/systemd/generator/swapdir-swapfile.swap, as it already exists. Duplicate entry in /etc/fstab?
[16721.362989] systemd-fstab-generator[15254]: Failed to create unit file /run/systemd/generator/swapdir-swapfile.swap, as it already exists. Duplicate entry in /etc/fstab?
[16721.735380] systemd-fstab-generator[15284]: Failed to create unit file /run/systemd/generator/swapdir-swapfile.swap, as it already exists. Duplicate entry in /etc/fstab?
[16722.277016] systemd-fstab-generator[15401]: Failed to create unit file /run/systemd/generator/swapdir-swapfile.swap, as it already exists. Duplicate entry in /etc/fstab?
[16722.872738] systemd-fstab-generator[15429]: Failed to create unit file /run/systemd/generator/swapdir-swapfile.swap, as it already exists. Duplicate entry in /etc/fstab?
[16723.261727] systemd-fstab-generator[15456]: Failed to create unit file /run/systemd/generator/swapdir-swapfile.swap, as it already exists. Duplicate entry in /etc/fstab?
[16723.681361] systemd-fstab-generator[15480]: Failed to create unit file /run/systemd/generator/swapdir-swapfile.swap, as it already exists. Duplicate entry in /etc/fstab?
[16731.249552] systemd-fstab-generator[15640]: Failed to create unit file /run/systemd/generator/swapdir-swapfile.swap, as it already exists. Duplicate entry in /etc/fstab?
[16731.668646] systemd-fstab-generator[15670]: Failed to create unit file /run/systemd/generator/swapdir-swapfile.swap, as it already exists. Duplicate entry in /etc/fstab?
[16732.208589] systemd-fstab-generator[15722]: Failed to create unit file /run/systemd/generator/swapdir-swapfile.swap, as it already exists. Duplicate entry in /etc/fstab?
[16732.560992] systemd-fstab-generator[15746]: Failed to create unit file /run/systemd/generator/swapdir-swapfile.swap, as it already exists. Duplicate entry in /etc/fstab?
[16733.028485] systemd-fstab-generator[15781]: Failed to create unit file /run/systemd/generator/swapdir-swapfile.swap, as it already exists. Duplicate entry in /etc/fstab?
[16733.484901] systemd-fstab-generator[15807]: Failed to create unit file /run/systemd/generator/swapdir-swapfile.swap, as it already exists. Duplicate entry in /etc/fstab?
[16735.436966] systemd-fstab-generator[15958]: Failed to create unit file /run/systemd/generator/swapdir-swapfile.swap, as it already exists. Duplicate entry in /etc/fstab?
[16735.791342] systemd-fstab-generator[15985]: Failed to create unit file /run/systemd/generator/swapdir-swapfile.swap, as it already exists. Duplicate entry in /etc/fstab?
[16736.185548] systemd-fstab-generator[16010]: Failed to create unit file /run/systemd/generator/swapdir-swapfile.swap, as it already exists. Duplicate entry in /etc/fstab?
[16736.508239] systemd-fstab-generator[16036]: Failed to create unit file /run/systemd/generator/swapdir-swapfile.swap, as it already exists. Duplicate entry in /etc/fstab?
[16737.102821] systemd-fstab-generator[16068]: Failed to create unit file /run/systemd/generator/swapdir-swapfile.swap, as it already exists. Duplicate entry in /etc/fstab?
[16737.558888] systemd-fstab-generator[16094]: Failed to create unit file /run/systemd/generator/swapdir-swapfile.swap, as it already exists. Duplicate entry in /etc/fstab?
[16738.009958] systemd-fstab-generator[16121]: Failed to create unit file /run/systemd/generator/swapdir-swapfile.swap, as it already exists. Duplicate entry in /etc/fstab?
[16738.550364] systemd-fstab-generator[16155]: Failed to create unit file /run/systemd/generator/swapdir-swapfile.swap, as it already exists. Duplicate entry in /etc/fstab?
